Using pre-set license
Built from '2020.2/staging' branch; Version is '2020.2.3f1 (8ff31bc5bf5b) revision 9433883'; Using compiler version '192528614'; Build Type 'Release'
OS: 'Windows 10 Enterprise; OS build 19041.1288; Version 2004; 64bit' Language: 'en' Physical Memory: 32519 MB
BatchMode: 1, IsHumanControllingUs: 0, StartBugReporterOnCrash: 0, Is64bit: 1, IsPro: 0

 COMMAND LINE ARGUMENTS:
C:\Users\mlyl\Documents\Unity\2020.2.3f1\Editor\Unity.exe
-adb2
-batchMode
-noUpm
-name
AssetImportWorker0
-projectPath
C:/Users/mlyl/Documents/Unity/3ip/3IPProject
-logFile
Logs/AssetImportWorker0.log
-srvPort
53641
Successfully changed project path to: C:/Users/mlyl/Documents/Unity/3ip/3IPProject
C:/Users/mlyl/Documents/Unity/3ip/3IPProject
Using Asset Import Pipeline V2.
Refreshing native plugins compatible for Editor in 42.45 ms, found 1 plugins.
Preloading 0 native plugins for Editor in 0.00 ms.
Initialize engine version: 2020.2.3f1 (8ff31bc5bf5b)
[Subsystems] Discovering subsystems at path C:/Users/mlyl/Documents/Unity/2020.2.3f1/Editor/Data/Resources/UnitySubsystems
[Subsystems] Discovering subsystems at path C:/Users/mlyl/Documents/Unity/3ip/3IPProject/Assets
GfxDevice: creating device client; threaded=0
Direct3D:
    Version:  Direct3D 11.0 [level 11.1]
    Renderer: NVIDIA Quadro T1000 (ID=0x1fb9)
    Vendor:   
    VRAM:     3962 MB
    Driver:   27.21.14.5266
Initialize mono
Mono path[0] = 'C:/Users/mlyl/Documents/Unity/2020.2.3f1/Editor/Data/Managed'
Mono path[1] = 'C:/Users/mlyl/Documents/Unity/2020.2.3f1/Editor/Data/MonoBleedingEdge/lib/mono/unityjit'
Mono config path = 'C:/Users/mlyl/Documents/Unity/2020.2.3f1/Editor/Data/MonoBleedingEdge/etc'
Using monoOptions --debugger-agent=transport=dt_socket,embedding=1,server=y,suspend=n,address=127.0.0.1:56184
Begin MonoManager ReloadAssembly
Registering precompiled unity dll's ...
Register platform support module: C:/Users/mlyl/Documents/Unity/2020.2.3f1/Editor/Data/PlaybackEngines/WindowsStandaloneSupport/UnityEditor.WindowsStandalone.Extensions.dll
Registered in 0.002995 seconds.
Native extension for WindowsStandalone target not found
Refreshing native plugins compatible for Editor in 45.06 ms, found 1 plugins.
Preloading 0 native plugins for Editor in 0.00 ms.
Invoked RoslynAnalysisRunner static constructor.
RoslynAnalysisRunner will not be running.
RoslynAnalysisRunner has terminated.
Mono: successfully reloaded assembly
- Completed reload, in  1.193 seconds
Platform modules already initialized, skipping
Registering precompiled user dll's ...
Registered in 0.001643 seconds.
Begin MonoManager ReloadAssembly
Native extension for WindowsStandalone target not found
Refreshing native plugins compatible for Editor in 43.00 ms, found 1 plugins.
Preloading 0 native plugins for Editor in 0.00 ms.
Invoked RoslynAnalysisRunner static constructor.
RoslynAnalysisRunner will not be running.
RoslynAnalysisRunner has terminated.
Mono: successfully reloaded assembly
- Completed reload, in  0.993 seconds
Platform modules already initialized, skipping
========================================================================
Worker process is ready to serve import requests
Launched and connected shader compiler UnityShaderCompiler.exe after 0.10 seconds
Refreshing native plugins compatible for Editor in 0.45 ms, found 1 plugins.
Preloading 0 native plugins for Editor in 0.00 ms.
Unloading 1797 Unused Serialized files (Serialized files now loaded: 0)
System memory in use before: 84.7 MB.
System memory in use after: 84.6 MB.

Unloading 24 unused Assets to reduce memory usage. Loaded Objects now: 2239.
Total: 2.499500 ms (FindLiveObjects: 0.334100 ms CreateObjectMapping: 0.117100 ms MarkObjects: 1.929600 ms  DeleteObjects: 0.117400 ms)

========================================================================
Received Import Request.
  path: Assets/2D Forest Tileset Pack Toon Style/Night/Background Night/Clouds NIght_2.png
  artifactKey: Guid(f4d2095ace427f44283d5fb49eed6cd1) Importer(815301076,1909f56bfc062723c751e8b465ee728b)
Start importing Assets/2D Forest Tileset Pack Toon Style/Night/Background Night/Clouds NIght_2.png using Guid(f4d2095ace427f44283d5fb49eed6cd1) Importer(815301076,1909f56bfc062723c751e8b465ee728b)  -> (artifact id: '4db4030700c921a0902960e71ad552c1') in 0.181093 seconds
  Import took 0.184172 seconds .

========================================================================
Received Import Request.
  Time since last request: 0.000314 seconds.
  path: Assets/2D Forest Tileset Pack Toon Style/Night/Background Night/Night Ground Close.png
  artifactKey: Guid(0cee1dfe8b5452549bc827cec8c291e2) Importer(815301076,1909f56bfc062723c751e8b465ee728b)
Start importing Assets/2D Forest Tileset Pack Toon Style/Night/Background Night/Night Ground Close.png using Guid(0cee1dfe8b5452549bc827cec8c291e2) Importer(815301076,1909f56bfc062723c751e8b465ee728b)  -> (artifact id: '250e9f4402094181971188156e96baf8') in 0.023851 seconds
  Import took 0.027042 seconds .

========================================================================
Received Import Request.
  Time since last request: 0.000267 seconds.
  path: Assets/2D Forest Tileset Pack Toon Style/Night/Background Night/Night Leafes MIddle.png
  artifactKey: Guid(853d0197c9e053340803c104cd7b22b2) Importer(815301076,1909f56bfc062723c751e8b465ee728b)
Start importing Assets/2D Forest Tileset Pack Toon Style/Night/Background Night/Night Leafes MIddle.png using Guid(853d0197c9e053340803c104cd7b22b2) Importer(815301076,1909f56bfc062723c751e8b465ee728b)  -> (artifact id: '8d204fd41878b81f2b3633871a410485') in 0.024267 seconds
  Import took 0.029106 seconds .

========================================================================
Received Import Request.
  Time since last request: 0.000326 seconds.
  path: Assets/2D Forest Tileset Pack Toon Style/Night/Background Night/Night Hills Middle.png
  artifactKey: Guid(0f72a30af42ea6248aeb3c2735298fe0) Importer(815301076,1909f56bfc062723c751e8b465ee728b)
Start importing Assets/2D Forest Tileset Pack Toon Style/Night/Background Night/Night Hills Middle.png using Guid(0f72a30af42ea6248aeb3c2735298fe0) Importer(815301076,1909f56bfc062723c751e8b465ee728b)  -> (artifact id: '34aa971455e500d0dbb33aa54086b3de') in 0.029626 seconds
  Import took 0.033478 seconds .

========================================================================
Received Import Request.
  Time since last request: 0.000271 seconds.
  path: Assets/2D Forest Tileset Pack Toon Style/Night/Background Night/Clouds NIght_1.png
  artifactKey: Guid(71e7ce5aed1b5234fbc90172197f5d76) Importer(815301076,1909f56bfc062723c751e8b465ee728b)
Start importing Assets/2D Forest Tileset Pack Toon Style/Night/Background Night/Clouds NIght_1.png using Guid(71e7ce5aed1b5234fbc90172197f5d76) Importer(815301076,1909f56bfc062723c751e8b465ee728b)  -> (artifact id: 'ae31ac40643d516e7ca18cff79d86760') in 0.021964 seconds
  Import took 0.026754 seconds .

========================================================================
Received Import Request.
  Time since last request: 0.000215 seconds.
  path: Assets/2D Forest Tileset Pack Toon Style/Night/Background Night/Night Mountain MIddle_1.png
  artifactKey: Guid(a171e501df7e3e949b02ffbb7bae3394) Importer(815301076,1909f56bfc062723c751e8b465ee728b)
Start importing Assets/2D Forest Tileset Pack Toon Style/Night/Background Night/Night Mountain MIddle_1.png using Guid(a171e501df7e3e949b02ffbb7bae3394) Importer(815301076,1909f56bfc062723c751e8b465ee728b)  -> (artifact id: '455e2d2ce3e26f1c63ac5fd8a9265f6c') in 0.055883 seconds
  Import took 0.060447 seconds .

========================================================================
Received Import Request.
  Time since last request: 0.000304 seconds.
  path: Assets/2D Forest Tileset Pack Toon Style/Night
  artifactKey: Guid(45cc5f810f4f5e046882a64c372ac168) Importer(815301076,1909f56bfc062723c751e8b465ee728b)
Start importing Assets/2D Forest Tileset Pack Toon Style/Night using Guid(45cc5f810f4f5e046882a64c372ac168) Importer(815301076,1909f56bfc062723c751e8b465ee728b)  -> (artifact id: '064d846f2d3dd869c9be57d30be8e3ba') in 0.007921 seconds
  Import took 0.011192 seconds .

========================================================================
Received Import Request.
  Time since last request: 0.000246 seconds.
  path: Assets/2D Forest Tileset Pack Toon Style/Night/Background Night/Night Mountains Far.png
  artifactKey: Guid(966f6e165c60ea346b5132644ee1902a) Importer(815301076,1909f56bfc062723c751e8b465ee728b)
Start importing Assets/2D Forest Tileset Pack Toon Style/Night/Background Night/Night Mountains Far.png using Guid(966f6e165c60ea346b5132644ee1902a) Importer(815301076,1909f56bfc062723c751e8b465ee728b)  -> (artifact id: 'cf3f134b530db89d6357948ca3e51be9') in 0.019534 seconds
  Import took 0.023109 seconds .

========================================================================
Received Import Request.
  Time since last request: 0.000254 seconds.
  path: Assets/2D Forest Tileset Pack Toon Style/Night/Background Night
  artifactKey: Guid(293e071354654834496d6ea8c4017096) Importer(815301076,1909f56bfc062723c751e8b465ee728b)
Start importing Assets/2D Forest Tileset Pack Toon Style/Night/Background Night using Guid(293e071354654834496d6ea8c4017096) Importer(815301076,1909f56bfc062723c751e8b465ee728b)  -> (artifact id: 'e6d0ee2c80d3ab2ed6e443e445dd82b9') in 0.007653 seconds
  Import took 0.011306 seconds .

========================================================================
Received Import Request.
  Time since last request: 0.000201 seconds.
  path: Assets/2D Forest Tileset Pack Toon Style/Night/Background Night/Clouds NIght_3.png
  artifactKey: Guid(cbe8eaa032a752d43ba9efb1a9c9b32d) Importer(815301076,1909f56bfc062723c751e8b465ee728b)
Start importing Assets/2D Forest Tileset Pack Toon Style/Night/Background Night/Clouds NIght_3.png using Guid(cbe8eaa032a752d43ba9efb1a9c9b32d) Importer(815301076,1909f56bfc062723c751e8b465ee728b)  -> (artifact id: 'dbdba937719e8fb9d1bbfa48254f7757') in 0.023173 seconds
  Import took 0.026345 seconds .

========================================================================
Received Import Request.
  Time since last request: 0.000256 seconds.
  path: Assets/2D Forest Tileset Pack Toon Style/Night/Background Night/Clouds NIght_4.png
  artifactKey: Guid(497b0a85226a1e645a20f09d8a7acfc8) Importer(815301076,1909f56bfc062723c751e8b465ee728b)
Start importing Assets/2D Forest Tileset Pack Toon Style/Night/Background Night/Clouds NIght_4.png using Guid(497b0a85226a1e645a20f09d8a7acfc8) Importer(815301076,1909f56bfc062723c751e8b465ee728b)  -> (artifact id: '91646a33eb1bd6406d09a3e199818ab1') in 0.019578 seconds
  Import took 0.023037 seconds .

========================================================================
Received Import Request.
  Time since last request: 0.000209 seconds.
  path: Assets/2D Forest Tileset Pack Toon Style/Night/Background Night/Night Leafes Far.png
  artifactKey: Guid(620566ef4b98ba449b42d0faa72de628) Importer(815301076,1909f56bfc062723c751e8b465ee728b)
Start importing Assets/2D Forest Tileset Pack Toon Style/Night/Background Night/Night Leafes Far.png using Guid(620566ef4b98ba449b42d0faa72de628) Importer(815301076,1909f56bfc062723c751e8b465ee728b)  -> (artifact id: 'be831a38bbba944439f499b2cfe4a6a2') in 0.016350 seconds
  Import took 0.019503 seconds .

========================================================================
Received Import Request.
  Time since last request: 0.000239 seconds.
  path: Assets/2D Forest Tileset Pack Toon Style/Night/Background Night/Night Hills CLose.png
  artifactKey: Guid(e9261713c95514240852908cf6e0d0af) Importer(815301076,1909f56bfc062723c751e8b465ee728b)
Start importing Assets/2D Forest Tileset Pack Toon Style/Night/Background Night/Night Hills CLose.png using Guid(e9261713c95514240852908cf6e0d0af) Importer(815301076,1909f56bfc062723c751e8b465ee728b)  -> (artifact id: 'f384a24bc7a6aa4ff06a8fb075514b62') in 0.020774 seconds
  Import took 0.024142 seconds .

========================================================================
Received Import Request.
  Time since last request: 0.000291 seconds.
  path: Assets/2D Forest Tileset Pack Toon Style/Night/Background Night/Clouds NIght_5.png
  artifactKey: Guid(0d5a0839c54cdba4a91b6f9d32a7498a) Importer(815301076,1909f56bfc062723c751e8b465ee728b)
Start importing Assets/2D Forest Tileset Pack Toon Style/Night/Background Night/Clouds NIght_5.png using Guid(0d5a0839c54cdba4a91b6f9d32a7498a) Importer(815301076,1909f56bfc062723c751e8b465ee728b)  -> (artifact id: '513bd62902a5d6e79e3c83943a0fcfdd') in 0.017227 seconds
  Import took 0.020358 seconds .

========================================================================
Received Import Request.
  Time since last request: 0.000245 seconds.
  path: Assets/2D Forest Tileset Pack Toon Style/Night/Background Night/Night Ground Far.png
  artifactKey: Guid(aad12f63699ec64478fae82fe4a790a7) Importer(815301076,1909f56bfc062723c751e8b465ee728b)
Start importing Assets/2D Forest Tileset Pack Toon Style/Night/Background Night/Night Ground Far.png using Guid(aad12f63699ec64478fae82fe4a790a7) Importer(815301076,1909f56bfc062723c751e8b465ee728b)  -> (artifact id: '63c7c50e7cf991510a38d120d8dc1cf1') in 0.014894 seconds
  Import took 0.017910 seconds .

========================================================================
Received Import Request.
  Time since last request: 0.000288 seconds.
  path: Assets/2D Forest Tileset Pack Toon Style/Night/Background Night/Night Mountains Close.png
  artifactKey: Guid(1970d1dcf4a35ca45a93981a11b2c6de) Importer(815301076,1909f56bfc062723c751e8b465ee728b)
Start importing Assets/2D Forest Tileset Pack Toon Style/Night/Background Night/Night Mountains Close.png using Guid(1970d1dcf4a35ca45a93981a11b2c6de) Importer(815301076,1909f56bfc062723c751e8b465ee728b)  -> (artifact id: '21ddc3abee7d60abbbd22a0a7972ce45') in 0.016708 seconds
  Import took 0.019812 seconds .

========================================================================
Received Import Request.
  Time since last request: 0.000210 seconds.
  path: Assets/2D Forest Tileset Pack Toon Style/Night/Background Night/Moon.png
  artifactKey: Guid(65c0f2775ee38bc45aee2c3f2ea37f1e) Importer(815301076,1909f56bfc062723c751e8b465ee728b)
Start importing Assets/2D Forest Tileset Pack Toon Style/Night/Background Night/Moon.png using Guid(65c0f2775ee38bc45aee2c3f2ea37f1e) Importer(815301076,1909f56bfc062723c751e8b465ee728b)  -> (artifact id: '97cde26800514a81d31fd89e825879e5') in 0.024617 seconds
  Import took 0.028089 seconds .

========================================================================
Received Import Request.
  Time since last request: 0.000210 seconds.
  path: Assets/2D Forest Tileset Pack Toon Style/Night/Background Night/Night Hills Far.png
  artifactKey: Guid(ba994fea1daafdd4d9269e65d4628db7) Importer(815301076,1909f56bfc062723c751e8b465ee728b)
Start importing Assets/2D Forest Tileset Pack Toon Style/Night/Background Night/Night Hills Far.png using Guid(ba994fea1daafdd4d9269e65d4628db7) Importer(815301076,1909f56bfc062723c751e8b465ee728b)  -> (artifact id: '1e169adbb19bd708733453959ee27a1f') in 0.018465 seconds
  Import took 0.021559 seconds .

========================================================================
Received Import Request.
  Time since last request: 0.000253 seconds.
  path: Assets/2D Forest Tileset Pack Toon Style/Night/Background Night/Moon.png
  artifactKey: Guid(65c0f2775ee38bc45aee2c3f2ea37f1e) Importer(815301076,1909f56bfc062723c751e8b465ee728b)
Start importing Assets/2D Forest Tileset Pack Toon Style/Night/Background Night/Moon.png using Guid(65c0f2775ee38bc45aee2c3f2ea37f1e) Importer(815301076,1909f56bfc062723c751e8b465ee728b)  -> (artifact id: '97cde26800514a81d31fd89e825879e5') in 0.014790 seconds
  Import took 0.017798 seconds .

========================================================================
Received Import Request.
  Time since last request: 0.000213 seconds.
  path: Assets/2D Forest Tileset Pack Toon Style/Night/Background Night/Night Mountain MIddle_2.png
  artifactKey: Guid(80e8fc2b23946ef4b8b9f6d1af7a552d) Importer(815301076,1909f56bfc062723c751e8b465ee728b)
Start importing Assets/2D Forest Tileset Pack Toon Style/Night/Background Night/Night Mountain MIddle_2.png using Guid(80e8fc2b23946ef4b8b9f6d1af7a552d) Importer(815301076,1909f56bfc062723c751e8b465ee728b)  -> (artifact id: 'fe42ba7c5c974352f7c37c97b92ac74f') in 0.035860 seconds
  Import took 0.040380 seconds .

========================================================================
Received Import Request.
  Time since last request: 0.000282 seconds.
  path: Assets/2D Forest Tileset Pack Toon Style/Night/Background Night/Night Trees far.png
  artifactKey: Guid(3ebf40eff518ae7449cc8570e3474799) Importer(815301076,1909f56bfc062723c751e8b465ee728b)
Start importing Assets/2D Forest Tileset Pack Toon Style/Night/Background Night/Night Trees far.png using Guid(3ebf40eff518ae7449cc8570e3474799) Importer(815301076,1909f56bfc062723c751e8b465ee728b)  -> (artifact id: '3b0440fbd1b221c3c3b99f1452d314ed') in 0.016592 seconds
  Import took 0.019684 seconds .

========================================================================
Received Import Request.
  Time since last request: 0.000250 seconds.
  path: Assets/2D Forest Tileset Pack Toon Style/Night/Background Night/Night Trees Middle.png
  artifactKey: Guid(ce82f4a44814c26419fd7d065d8c441e) Importer(815301076,1909f56bfc062723c751e8b465ee728b)
Start importing Assets/2D Forest Tileset Pack Toon Style/Night/Background Night/Night Trees Middle.png using Guid(ce82f4a44814c26419fd7d065d8c441e) Importer(815301076,1909f56bfc062723c751e8b465ee728b)  -> (artifact id: '254441ebeadb6cf87affa084c74a8d77') in 0.018827 seconds
  Import took 0.021798 seconds .

========================================================================
Received Import Request.
  Time since last request: 0.000353 seconds.
  path: Assets/2D Forest Tileset Pack Toon Style/Night/Background Night/NIght sky.png
  artifactKey: Guid(8e3b953d59e70974db988225fbabaefa) Importer(815301076,1909f56bfc062723c751e8b465ee728b)
Start importing Assets/2D Forest Tileset Pack Toon Style/Night/Background Night/NIght sky.png using Guid(8e3b953d59e70974db988225fbabaefa) Importer(815301076,1909f56bfc062723c751e8b465ee728b)  -> (artifact id: 'bdb83f900943b9eeb9e0f0d7242566fa') in 0.018952 seconds
  Import took 0.022695 seconds .

========================================================================
Received Import Request.
  Time since last request: 0.000261 seconds.
  path: Assets/2D Forest Tileset Pack Toon Style/Night/Background Night/Night Trees Close.png
  artifactKey: Guid(414f09948a25ca24c81f600658f1bc04) Importer(815301076,1909f56bfc062723c751e8b465ee728b)
Start importing Assets/2D Forest Tileset Pack Toon Style/Night/Background Night/Night Trees Close.png using Guid(414f09948a25ca24c81f600658f1bc04) Importer(815301076,1909f56bfc062723c751e8b465ee728b)  -> (artifact id: '614d20cfc8c4473e849746e876d44070') in 0.023046 seconds
  Import took 0.026298 seconds .

========================================================================
Received Import Request.
  Time since last request: 0.000338 seconds.
  path: Assets/2D Forest Tileset Pack Toon Style/Night/Background Night/NIght Water Large.png
  artifactKey: Guid(a4fe90f160ac1374e9f53730db4c870c) Importer(815301076,1909f56bfc062723c751e8b465ee728b)
Start importing Assets/2D Forest Tileset Pack Toon Style/Night/Background Night/NIght Water Large.png using Guid(a4fe90f160ac1374e9f53730db4c870c) Importer(815301076,1909f56bfc062723c751e8b465ee728b)  -> (artifact id: 'be19a32ee5070da92838a103a6db2e42') in 0.019104 seconds
  Import took 0.022125 seconds .

========================================================================
Received Prepare
Registering precompiled user dll's ...
Registered in 0.001875 seconds.
Begin MonoManager ReloadAssembly
Native extension for WindowsStandalone target not found
Refreshing native plugins compatible for Editor in 0.39 ms, found 1 plugins.
Preloading 0 native plugins for Editor in 0.00 ms.
Invoked RoslynAnalysisRunner static constructor.
RoslynAnalysisRunner will not be running.
RoslynAnalysisRunner has terminated.
Mono: successfully reloaded assembly
- Completed reload, in  0.876 seconds
Platform modules already initialized, skipping
Refreshing native plugins compatible for Editor in 0.39 ms, found 1 plugins.
Preloading 0 native plugins for Editor in 0.00 ms.
Unloading 1790 Unused Serialized files (Serialized files now loaded: 0)
System memory in use before: 87.7 MB.
System memory in use after: 87.7 MB.

Unloading 14 unused Assets to reduce memory usage. Loaded Objects now: 2276.
Total: 2.189800 ms (FindLiveObjects: 0.205000 ms CreateObjectMapping: 0.085300 ms MarkObjects: 1.794400 ms  DeleteObjects: 0.104300 ms)

========================================================================
Received Import Request.
  Time since last request: 265.447329 seconds.
  path: Assets/Scripts/CController.cs
  artifactKey: Guid(a7d2bf00b35f2e049a584699f69dce47) Importer(815301076,1909f56bfc062723c751e8b465ee728b)
Start importing Assets/Scripts/CController.cs using Guid(a7d2bf00b35f2e049a584699f69dce47) Importer(815301076,1909f56bfc062723c751e8b465ee728b)  -> (artifact id: '9853d4a0df5e4a7bd441da8041607142') in 0.076487 seconds
  Import took 0.079859 seconds .

========================================================================
Received Prepare
Registering precompiled user dll's ...
Registered in 0.001839 seconds.
Begin MonoManager ReloadAssembly
Native extension for WindowsStandalone target not found
Refreshing native plugins compatible for Editor in 0.40 ms, found 1 plugins.
Preloading 0 native plugins for Editor in 0.00 ms.
Invoked RoslynAnalysisRunner static constructor.
RoslynAnalysisRunner will not be running.
RoslynAnalysisRunner has terminated.
Mono: successfully reloaded assembly
- Completed reload, in  0.895 seconds
Platform modules already initialized, skipping
Refreshing native plugins compatible for Editor in 0.40 ms, found 1 plugins.
Preloading 0 native plugins for Editor in 0.00 ms.
Unloading 1790 Unused Serialized files (Serialized files now loaded: 0)
System memory in use before: 87.8 MB.
System memory in use after: 87.8 MB.

Unloading 12 unused Assets to reduce memory usage. Loaded Objects now: 2279.
Total: 2.288900 ms (FindLiveObjects: 0.246500 ms CreateObjectMapping: 0.102100 ms MarkObjects: 1.826700 ms  DeleteObjects: 0.112300 ms)

========================================================================
Received Prepare
Registering precompiled user dll's ...
Registered in 0.001937 seconds.
Begin MonoManager ReloadAssembly
Native extension for WindowsStandalone target not found
Refreshing native plugins compatible for Editor in 0.42 ms, found 1 plugins.
Preloading 0 native plugins for Editor in 0.00 ms.
Invoked RoslynAnalysisRunner static constructor.
RoslynAnalysisRunner will not be running.
RoslynAnalysisRunner has terminated.
Mono: successfully reloaded assembly
- Completed reload, in  0.878 seconds
Platform modules already initialized, skipping
Refreshing native plugins compatible for Editor in 0.40 ms, found 1 plugins.
Preloading 0 native plugins for Editor in 0.00 ms.
Unloading 1790 Unused Serialized files (Serialized files now loaded: 0)
System memory in use before: 87.8 MB.
System memory in use after: 87.8 MB.

Unloading 12 unused Assets to reduce memory usage. Loaded Objects now: 2282.
Total: 2.416600 ms (FindLiveObjects: 0.206600 ms CreateObjectMapping: 0.080500 ms MarkObjects: 1.978400 ms  DeleteObjects: 0.149700 ms)

AssetImportWorkerClient::OnTransportError - code=2 error=End of file
